<?xml version="1.0" encoding="UTF-8" ?>
<testsuite tests="4" failures="0" name="com.sainsburys.SainsburysWebpageParser.AppTest" time="17.821" errors="0" skipped="0">
  <properties>
[...]
</properties>
  <testcase classname="com.sainsburys.SainsburysWebpageParser.AppTest" name="testGetJsonReturnsProduct" time="5.364"/>
  <testcase classname="com.sainsburys.SainsburysWebpageParser.AppTest" name="testGetProductNotEmpty" time="6.02"/>
  <testcase classname="com.sainsburys.SainsburysWebpageParser.AppTest" name="testGetJsonDoesNotReturnEmptyJson" time="5.227"/>
  <testcase classname="com.sainsburys.SainsburysWebpageParser.AppTest" name="testGetJsonReturnsResultAndTotal" time="1.21"/>
</testsuite>